<?xml version="1.0" encoding="UTF-8" ?>
<testsuite tests="8" failures="0" name="cn.ljpc.client.Test2" time="8.059" errors="0" skipped="0">
  <properties>
[...]
</properties>
  <testcase classname="cn.ljpc.client.Test2" name="test1" time="3.994"/>
  <testcase classname="cn.ljpc.client.Test2" name="test2" time="4.001"/>
  <testcase classname="cn.ljpc.client.Test2" name="test3" time="0.053"/>
  <testcase classname="cn.ljpc.client.Test2" name="test4" time="0.002"/>
  <testcase classname="cn.ljpc.client.Test2" name="test5" time="0"/>
  <testcase classname="cn.ljpc.client.Test2" name="test6" time="0"/>
  <testcase classname="cn.ljpc.client.Test2" name="test7" time="0.001"/>
  <testcase classname="cn.ljpc.client.Test2" name="test8" time="0.008"/>
</testsuite>